ambient_SSD/build/outputs/apk/manifest-merger-debug-report.txt
-- Merging decision tree log ---
manifest
ADDED from AndroidManifest.xml:2:1
	xmlns:tools
		ADDED from AndroidManifest.xml:3:5
	xmlns:android
		ADDED from AndroidManifest.xml:2:11
	package
		ADDED from AndroidManifest.xml:4:5
		INJECTED from AndroidManifest.xml:0:0
		INJECTED from AndroidManifest.xml:0:0
	android:versionName
		INJECTED from AndroidManifest.xml:0:0
		INJECTED from AndroidManifest.xml:0:0
	android:versionCode
		INJECTED from AndroidManifest.xml:0:0
		INJECTED from AndroidManifest.xml:0:0
uses-permission#android.permission.RECORD_AUDIO
ADDED from AndroidManifest.xml:6:5
	android:name
		ADDED from AndroidManifest.xml:6:22
uses-permission#android.permission.INTERNET
ADDED from AndroidManifest.xml:7:5
MERGED from com.awareframework:aware-core:3.8.4:48:5
MERGED from com.google.android.gms:play-services-ads:8.3.0:20:5
MERGED from com.google.android.gms:play-services-analytics:8.3.0:21:5
MERGED from com.google.android.gms:play-services-appinvite:8.3.0:19:5
MERGED from com.google.android.gms:play-services-maps:8.3.0:21:5
MERGED from com.google.android.gms:play-services-gcm:8.3.0:22:5
MERGED from com.google.android.gms:play-services-measurement:8.3.0:21:5
MERGED from com.google.android.gms:play-services-maps:8.3.0:21:5
MERGED from com.google.android.gms:play-services-maps:8.3.0:21:5
MERGED from com.google.android.gms:play-services-measurement:8.3.0:21:5
MERGED from com.google.android.gms:play-services-wallet:8.3.0:20:5
MERGED from com.google.android.gms:play-services-maps:8.3.0:21:5
	android:name
		ADDED from AndroidManifest.xml:7:22
uses-permission#android.permission.ACCESS_NETWORK_STATE
ADDED from AndroidManifest.xml:8:5
MERGED from com.awareframework:aware-core:3.8.4:49:5
MERGED from com.google.android.gms:play-services-ads:8.3.0:21:5
MERGED from com.google.android.gms:play-services-analytics:8.3.0:22:5
MERGED from com.google.android.gms:play-services-maps:8.3.0:20:5
MERGED from com.google.android.gms:play-services-measurement:8.3.0:22:5
MERGED from com.google.android.gms:play-services-maps:8.3.0:20:5
MERGED from com.google.android.gms:play-services-maps:8.3.0:20:5
MERGED from com.google.android.gms:play-services-measurement:8.3.0:22:5
MERGED from com.google.android.gms:play-services-nearby:8.3.0:19:5
MERGED from com.google.android.gms:play-services-maps:8.3.0:20:5
	android:name
		ADDED from AndroidManifest.xml:8:22
uses-permission#android.permission.GET_ACCOUNTS
ADDED from AndroidManifest.xml:9:5
MERGED from com.google.android.gms:play-services-wallet:8.3.0:21:5
	android:name
		ADDED from AndroidManifest.xml:9:22
uses-permission#android.permission.MANAGE_ACCOUNTS
ADDED from AndroidManifest.xml:10:5
	android:name
		ADDED from AndroidManifest.xml:10:22
uses-permission#android.permission.WRITE_EXTERNAL_STORAGE
ADDED from AndroidManifest.xml:11:5
MERGED from com.awareframework:aware-core:3.8.4:47:5
	android:name
		ADDED from AndroidManifest.xml:11:22
uses-permission#android.permission.USE_CREDENTIALS
ADDED from AndroidManifest.xml:13:5
MERGED from com.google.android.gms:play-services-wallet:8.3.0:22:5
	android:name
		ADDED from AndroidManifest.xml:13:22
application
ADDED from AndroidManifest.xml:16:5
MERGED from com.aware.plugin.social:aChartAndroidlib:unspecified:11:5
MERGED from com.android.support:appcompat-v7:23.1.0:22:5
MERGED from com.android.support:support-v4:23.1.0:22:5
MERGED from com.android.support:cardview-v7:23.1.0:22:5
MERGED from com.awareframework:aware-core:3.8.4:52:5
MERGED from com.google.android.gms:play-services:8.3.0:19:5
MERGED from com.google.android.gms:play-services-ads:8.3.0:24:5
MERGED from com.google.android.gms:play-services-basement:8.3.0:20:5
MERGED from com.android.support:support-v4:23.1.0:22:5
MERGED from com.google.android.gms:play-services-analytics:8.3.0:24:5
MERGED from com.google.android.gms:play-services-basement:8.3.0:20:5
MERGED from com.android.support:support-v4:23.1.0:22:5
MERGED from com.google.android.gms:play-services-appindexing:8.3.0:19:5
MERGED from com.google.android.gms:play-services-basement:8.3.0:20:5
MERGED from com.android.support:support-v4:23.1.0:22:5
MERGED from com.google.android.gms:play-services-appinvite:8.3.0:20:5
MERGED from com.google.android.gms:play-services-basement:8.3.0:20:5
MERGED from com.android.support:support-v4:23.1.0:22:5
MERGED from com.google.android.gms:play-services-appstate:8.3.0:19:5
MERGED from com.google.android.gms:play-services-basement:8.3.0:20:5
MERGED from com.android.support:support-v4:23.1.0:22:5
MERGED from com.google.android.gms:play-services-auth:8.3.0:20:5
MERGED from com.google.android.gms:play-services-basement:8.3.0:20:5
MERGED from com.android.support:support-v4:23.1.0:22:5
MERGED from com.google.android.gms:play-services-basement:8.3.0:20:5
MERGED from com.android.support:support-v4:23.1.0:22:5
MERGED from com.google.android.gms:play-services-basement:8.3.0:20:5
MERGED from com.android.support:support-v4:23.1.0:22:5
MERGED from com.google.android.gms:play-services-cast:8.3.0:19:5
MERGED from com.google.android.gms:play-services-basement:8.3.0:20:5
MERGED from com.android.support:support-v4:23.1.0:22:5
MERGED from com.android.support:mediarouter-v7:22.2.0:22:5
MERGED from com.android.support:appcompat-v7:23.1.0:22:5
MERGED from com.android.support:support-v4:23.1.0:22:5
MERGED from com.google.android.gms:play-services-drive:8.3.0:19:5
MERGED from com.google.android.gms:play-services-basement:8.3.0:20:5
MERGED from com.android.support:support-v4:23.1.0:22:5
MERGED from com.google.android.gms:play-services-fitness:8.3.0:19:5
MERGED from com.google.android.gms:play-services-basement:8.3.0:20:5
MERGED from com.android.support:support-v4:23.1.0:22:5
MERGED from com.google.android.gms:play-services-location:8.3.0:19:5
MERGED from com.google.android.gms:play-services-basement:8.3.0:20:5
MERGED from com.android.support:support-v4:23.1.0:22:5
MERGED from com.google.android.gms:play-services-maps:8.3.0:27:5
MERGED from com.google.android.gms:play-services-basement:8.3.0:20:5
MERGED from com.android.support:support-v4:23.1.0:22:5
MERGED from com.google.android.gms:play-services-games:8.3.0:19:5
MERGED from com.google.android.gms:play-services-basement:8.3.0:20:5
MERGED from com.android.support:support-v4:23.1.0:22:5
MERGED from com.google.android.gms:play-services-drive:8.3.0:19:5
MERGED from com.google.android.gms:play-services-basement:8.3.0:20:5
MERGED from com.android.support:support-v4:23.1.0:22:5
MERGED from com.google.android.gms:play-services-gcm:8.3.0:24:5
MERGED from com.google.android.gms:play-services-basement:8.3.0:20:5
MERGED from com.android.support:support-v4:23.1.0:22:5
MERGED from com.google.android.gms:play-services-measurement:8.3.0:26:5
MERGED from com.google.android.gms:play-services-basement:8.3.0:20:5
MERGED from com.android.support:support-v4:23.1.0:22:5
MERGED from com.google.android.gms:play-services-identity:8.3.0:19:5
MERGED from com.google.android.gms:play-services-basement:8.3.0:20:5
MERGED from com.android.support:support-v4:23.1.0:22:5
MERGED from com.google.android.gms:play-services-location:8.3.0:19:5
MERGED from com.google.android.gms:play-services-basement:8.3.0:20:5
MERGED from com.android.support:support-v4:23.1.0:22:5
MERGED from com.google.android.gms:play-services-maps:8.3.0:27:5
MERGED from com.google.android.gms:play-services-basement:8.3.0:20:5
MERGED from com.android.support:support-v4:23.1.0:22:5
MERGED from com.google.android.gms:play-services-maps:8.3.0:27:5
MERGED from com.google.android.gms:play-services-basement:8.3.0:20:5
MERGED from com.android.support:support-v4:23.1.0:22:5
MERGED from com.google.android.gms:play-services-measurement:8.3.0:26:5
MERGED from com.google.android.gms:play-services-basement:8.3.0:20:5
MERGED from com.android.support:support-v4:23.1.0:22:5
MERGED from com.google.android.gms:play-services-nearby:8.3.0:20:5
MERGED from com.google.android.gms:play-services-basement:8.3.0:20:5
MERGED from com.android.support:support-v4:23.1.0:22:5
MERGED from com.google.android.gms:play-services-panorama:8.3.0:19:5
MERGED from com.google.android.gms:play-services-basement:8.3.0:20:5
MERGED from com.android.support:support-v4:23.1.0:22:5
MERGED from com.google.android.gms:play-services-plus:8.3.0:19:5
MERGED from com.google.android.gms:play-services-basement:8.3.0:20:5
MERGED from com.android.support:support-v4:23.1.0:22:5
MERGED from com.google.android.gms:play-services-safetynet:8.3.0:19:5
MERGED from com.google.android.gms:play-services-basement:8.3.0:20:5
MERGED from com.android.support:support-v4:23.1.0:22:5
MERGED from com.google.android.gms:play-services-vision:8.3.0:5:5
MERGED from com.google.android.gms:play-services-basement:8.3.0:20:5
MERGED from com.android.support:support-v4:23.1.0:22:5
MERGED from com.google.android.gms:play-services-basement:8.3.0:20:5
MERGED from com.android.support:support-v4:23.1.0:22:5
MERGED from com.google.android.gms:play-services-identity:8.3.0:19:5
MERGED from com.google.android.gms:play-services-basement:8.3.0:20:5
MERGED from com.android.support:support-v4:23.1.0:22:5
MERGED from com.google.android.gms:play-services-maps:8.3.0:27:5
MERGED from com.google.android.gms:play-services-basement:8.3.0:20:5
MERGED from com.android.support:support-v4:23.1.0:22:5
MERGED from com.google.android.gms:play-services-wearable:8.3.0:19:5
MERGED from com.google.android.gms:play-services-basement:8.3.0:20:5
MERGED from com.android.support:support-v4:23.1.0:22:5
	android:label
		ADDED from AndroidManifest.xml:19:9
	android:allowBackup
		ADDED from AndroidManifest.xml:17:9
	android:icon
		ADDED from AndroidManifest.xml:18:9
		REJECTED from com.aware.plugin.social:aChartAndroidlib:unspecified:13:9
		REJECTED from com.awareframework:aware-core:3.8.4:54:9
	android:hardwareAccelerated
		ADDED from com.awareframework:aware-core:3.8.4:53:9
	android:theme
		ADDED from AndroidManifest.xml:20:9
		REJECTED from com.awareframework:aware-core:3.8.4:56:9
	tools:replace
		ADDED from AndroidManifest.xml:21:9
service#com.aware.plugin.ambient_ssd.Plugin
ADDED from AndroidManifest.xml:23:9
	android:exported
		ADDED from AndroidManifest.xml:25:13
	android:name
		ADDED from AndroidManifest.xml:24:13
activity#com.aware.plugin.ambient_ssd.Settings
ADDED from AndroidManifest.xml:27:9
	android:configChanges
		ADDED from AndroidManifest.xml:29:13
	android:exported
		ADDED from AndroidManifest.xml:30:13
	android:name
		ADDED from AndroidManifest.xml:28:13
service#com.aware.plugin.ambient_ssd.Plugin$AudioAnalyser
ADDED from AndroidManifest.xml:32:9
	android:exported
		ADDED from AndroidManifest.xml:34:13
	android:name
		ADDED from AndroidManifest.xml:33:13
provider#com.aware.plugin.ambient_ssd.Provider
ADDED from AndroidManifest.xml:36:9
	android:exported
		ADDED from AndroidManifest.xml:39:13
	android:authorities
		ADDED from AndroidManifest.xml:38:13
	android:readPermission
		ADDED from AndroidManifest.xml:40:13
	android:name
		ADDED from AndroidManifest.xml:37:13
	android:writePermission
		ADDED from AndroidManifest.xml:41:13
provider#com.aware.plugin.ambient_ssd.EsmProvider
ADDED from AndroidManifest.xml:42:9
	android:exported
		ADDED from AndroidManifest.xml:45:13
	android:authorities
		ADDED from AndroidManifest.xml:44:13
		INJECTED from AndroidManifest.xml:0:0
	android:readPermission
		ADDED from AndroidManifest.xml:46:13
	android:name
		ADDED from AndroidManifest.xml:43:13
	android:writePermission
		ADDED from AndroidManifest.xml:47:13
activity#com.aware.plugin.ambient_ssd.EsmActivity
ADDED from AndroidManifest.xml:49:9
	android:label
		ADDED from AndroidManifest.xml:51:13
	android:name
		ADDED from AndroidManifest.xml:50:13
activity#com.aware.plugin.ambient_ssd.Esm2
ADDED from AndroidManifest.xml:54:9
	android:label
		ADDED from AndroidManifest.xml:56:13
	android:name
		ADDED from AndroidManifest.xml:55:13
activity#com.aware.plugin.ambient_ssd.CalendarActivity
ADDED from AndroidManifest.xml:58:9
	android:label
		ADDED from AndroidManifest.xml:59:13
	android:name
		ADDED from AndroidManifest.xml:58:19
uses-sdk
INJECTED from AndroidManifest.xml:0:0 reason: use-sdk injection requested
MERGED from com.aware.plugin.social:aChartAndroidlib:unspecified:7:5
MERGED from com.android.support:appcompat-v7:23.1.0:20:5
MERGED from com.android.support:support-v4:23.1.0:20:5
MERGED from com.android.support:cardview-v7:23.1.0:20:5
MERGED from com.awareframework:aware-core:3.8.4:7:5
MERGED from com.google.android.gms:play-services:8.3.0:18:5
MERGED from com.google.android.gms:play-services-ads:8.3.0:23:5
MERGED from com.google.android.gms:play-services-basement:8.3.0:18:5
MERGED from com.android.support:support-v4:23.1.0:20:5
MERGED from com.google.android.gms:play-services-analytics:8.3.0:18:5
MERGED from com.google.android.gms:play-services-basement:8.3.0:18:5
MERGED from com.android.support:support-v4:23.1.0:20:5
MERGED from com.google.android.gms:play-services-appindexing:8.3.0:18:5
MERGED from com.google.android.gms:play-services-basement:8.3.0:18:5
MERGED from com.android.support:support-v4:23.1.0:20:5
MERGED from com.google.android.gms:play-services-appinvite:8.3.0:18:5
MERGED from com.google.android.gms:play-services-base:8.3.0:18:5
MERGED from com.google.android.gms:play-services-basement:8.3.0:18:5
MERGED from com.android.support:support-v4:23.1.0:20:5
MERGED from com.google.android.gms:play-services-appstate:8.3.0:18:5
MERGED from com.google.android.gms:play-services-base:8.3.0:18:5
MERGED from com.google.android.gms:play-services-basement:8.3.0:18:5
MERGED from com.android.support:support-v4:23.1.0:20:5
MERGED from com.google.android.gms:play-services-auth:8.3.0:18:5
MERGED from com.google.android.gms:play-services-base:8.3.0:18:5
MERGED from com.google.android.gms:play-services-basement:8.3.0:18:5
MERGED from com.android.support:support-v4:23.1.0:20:5
MERGED from com.google.android.gms:play-services-base:8.3.0:18:5
MERGED from com.google.android.gms:play-services-basement:8.3.0:18:5
MERGED from com.android.support:support-v4:23.1.0:20:5
MERGED from com.google.android.gms:play-services-basement:8.3.0:18:5
MERGED from com.android.support:support-v4:23.1.0:20:5
MERGED from com.google.android.gms:play-services-cast:8.3.0:18:5
MERGED from com.google.android.gms:play-services-base:8.3.0:18:5
MERGED from com.google.android.gms:play-services-basement:8.3.0:18:5
MERGED from com.android.support:support-v4:23.1.0:20:5
MERGED from com.android.support:mediarouter-v7:22.2.0:20:5
MERGED from com.android.support:appcompat-v7:23.1.0:20:5
MERGED from com.android.support:support-v4:23.1.0:20:5
MERGED from com.google.android.gms:play-services-drive:8.3.0:18:5
MERGED from com.google.android.gms:play-services-base:8.3.0:18:5
MERGED from com.google.android.gms:play-services-basement:8.3.0:18:5
MERGED from com.android.support:support-v4:23.1.0:20:5
MERGED from com.google.android.gms:play-services-fitness:8.3.0:18:5
MERGED from com.google.android.gms:play-services-base:8.3.0:18:5
MERGED from com.google.android.gms:play-services-basement:8.3.0:18:5
MERGED from com.android.support:support-v4:23.1.0:20:5
MERGED from com.google.android.gms:play-services-location:8.3.0:18:5
MERGED from com.google.android.gms:play-services-base:8.3.0:18:5
MERGED from com.google.android.gms:play-services-basement:8.3.0:18:5
MERGED from com.android.support:support-v4:23.1.0:20:5
MERGED from com.google.android.gms:play-services-maps:8.3.0:26:5
MERGED from com.google.android.gms:play-services-base:8.3.0:18:5
MERGED from com.google.android.gms:play-services-basement:8.3.0:18:5
MERGED from com.android.support:support-v4:23.1.0:20:5
MERGED from com.google.android.gms:play-services-games:8.3.0:18:5
MERGED from com.google.android.gms:play-services-base:8.3.0:18:5
MERGED from com.google.android.gms:play-services-basement:8.3.0:18:5
MERGED from com.android.support:support-v4:23.1.0:20:5
MERGED from com.google.android.gms:play-services-drive:8.3.0:18:5
MERGED from com.google.android.gms:play-services-base:8.3.0:18:5
MERGED from com.google.android.gms:play-services-basement:8.3.0:18:5
MERGED from com.android.support:support-v4:23.1.0:20:5
MERGED from com.google.android.gms:play-services-gcm:8.3.0:18:5
MERGED from com.google.android.gms:play-services-base:8.3.0:18:5
MERGED from com.google.android.gms:play-services-basement:8.3.0:18:5
MERGED from com.android.support:support-v4:23.1.0:20:5
MERGED from com.google.android.gms:play-services-measurement:8.3.0:18:5
MERGED from com.google.android.gms:play-services-basement:8.3.0:18:5
MERGED from com.android.support:support-v4:23.1.0:20:5
MERGED from com.google.android.gms:play-services-identity:8.3.0:18:5
MERGED from com.google.android.gms:play-services-base:8.3.0:18:5
MERGED from com.google.android.gms:play-services-basement:8.3.0:18:5
MERGED from com.android.support:support-v4:23.1.0:20:5
MERGED from com.google.android.gms:play-services-location:8.3.0:18:5
MERGED from com.google.android.gms:play-services-base:8.3.0:18:5
MERGED from com.google.android.gms:play-services-basement:8.3.0:18:5
MERGED from com.android.support:support-v4:23.1.0:20:5
MERGED from com.google.android.gms:play-services-maps:8.3.0:26:5
MERGED from com.google.android.gms:play-services-base:8.3.0:18:5
MERGED from com.google.android.gms:play-services-basement:8.3.0:18:5
MERGED from com.android.support:support-v4:23.1.0:20:5
MERGED from com.google.android.gms:play-services-maps:8.3.0:26:5
MERGED from com.google.android.gms:play-services-base:8.3.0:18:5
MERGED from com.google.android.gms:play-services-basement:8.3.0:18:5
MERGED from com.android.support:support-v4:23.1.0:20:5
MERGED from com.google.android.gms:play-services-measurement:8.3.0:18:5
MERGED from com.google.android.gms:play-services-basement:8.3.0:18:5
MERGED from com.android.support:support-v4:23.1.0:20:5
MERGED from com.google.android.gms:play-services-nearby:8.3.0:18:5
MERGED from com.google.android.gms:play-services-base:8.3.0:18:5
MERGED from com.google.android.gms:play-services-basement:8.3.0:18:5
MERGED from com.android.support:support-v4:23.1.0:20:5
MERGED from com.google.android.gms:play-services-panorama:8.3.0:18:5
MERGED from com.google.android.gms:play-services-base:8.3.0:18:5
MERGED from com.google.android.gms:play-services-basement:8.3.0:18:5
MERGED from com.android.support:support-v4:23.1.0:20:5
MERGED from com.google.android.gms:play-services-plus:8.3.0:18:5
MERGED from com.google.android.gms:play-services-base:8.3.0:18:5
MERGED from com.google.android.gms:play-services-basement:8.3.0:18:5
MERGED from com.android.support:support-v4:23.1.0:20:5
MERGED from com.google.android.gms:play-services-safetynet:8.3.0:18:5
MERGED from com.google.android.gms:play-services-base:8.3.0:18:5
MERGED from com.google.android.gms:play-services-basement:8.3.0:18:5
MERGED from com.android.support:support-v4:23.1.0:20:5
MERGED from com.google.android.gms:play-services-vision:8.3.0:4:5
MERGED from com.google.android.gms:play-services-base:8.3.0:18:5
MERGED from com.google.android.gms:play-services-basement:8.3.0:18:5
MERGED from com.android.support:support-v4:23.1.0:20:5
MERGED from com.google.android.gms:play-services-wallet:8.3.0:19:5
MERGED from com.google.android.gms:play-services-base:8.3.0:18:5
MERGED from com.google.android.gms:play-services-basement:8.3.0:18:5
MERGED from com.android.support:support-v4:23.1.0:20:5
MERGED from com.google.android.gms:play-services-identity:8.3.0:18:5
MERGED from com.google.android.gms:play-services-base:8.3.0:18:5
MERGED from com.google.android.gms:play-services-basement:8.3.0:18:5
MERGED from com.android.support:support-v4:23.1.0:20:5
MERGED from com.google.android.gms:play-services-maps:8.3.0:26:5
MERGED from com.google.android.gms:play-services-base:8.3.0:18:5
MERGED from com.google.android.gms:play-services-basement:8.3.0:18:5
MERGED from com.android.support:support-v4:23.1.0:20:5
MERGED from com.google.android.gms:play-services-wearable:8.3.0:18:5
MERGED from com.google.android.gms:play-services-base:8.3.0:18:5
MERGED from com.google.android.gms:play-services-basement:8.3.0:18:5
MERGED from com.android.support:support-v4:23.1.0:20:5
	android:targetSdkVersion
		INJECTED from AndroidManifest.xml:0:0
		INJECTED from AndroidManifest.xml:0:0
	android:minSdkVersion
		INJECTED from AndroidManifest.xml:0:0
		INJECTED from AndroidManifest.xml:0:0
uses-feature#android.hardware.camera
ADDED from com.awareframework:aware-core:3.8.4:11:5
	android:name
		ADDED from com.awareframework:aware-core:3.8.4:11:19
uses-feature#android.hardware.camera.autofocus
ADDED from com.awareframework:aware-core:3.8.4:12:5
	android:name
		ADDED from com.awareframework:aware-core:3.8.4:12:19
uses-permission#com.aware.READ_CONTEXT_DATA
ADDED from com.awareframework:aware-core:3.8.4:45:5
	android:name
		ADDED from com.awareframework:aware-core:3.8.4:45:22
uses-permission#com.aware.WRITE_CONTEXT_DATA
ADDED from com.awareframework:aware-core:3.8.4:46:5
	android:name
		ADDED from com.awareframework:aware-core:3.8.4:46:22
uses-permission#android.permission.WAKE_LOCK
ADDED from com.awareframework:aware-core:3.8.4:50:5
MERGED from com.google.android.gms:play-services-measurement:8.3.0:24:5
MERGED from com.google.android.gms:play-services-measurement:8.3.0:24:5
	android:name
		ADDED from com.awareframework:aware-core:3.8.4:50:22
meta-data#com.google.android.gms.version
ADDED from com.awareframework:aware-core:3.8.4:57:9
MERGED from com.google.android.gms:play-services-basement:8.3.0:21:9
MERGED from com.google.android.gms:play-services-basement:8.3.0:21:9
MERGED from com.google.android.gms:play-services-basement:8.3.0:21:9
MERGED from com.google.android.gms:play-services-basement:8.3.0:21:9
MERGED from com.google.android.gms:play-services-basement:8.3.0:21:9
MERGED from com.google.android.gms:play-services-basement:8.3.0:21:9
MERGED from com.google.android.gms:play-services-basement:8.3.0:21:9
MERGED from com.google.android.gms:play-services-basement:8.3.0:21:9
MERGED from com.google.android.gms:play-services-basement:8.3.0:21:9
MERGED from com.google.android.gms:play-services-basement:8.3.0:21:9
MERGED from com.google.android.gms:play-services-basement:8.3.0:21:9
MERGED from com.google.android.gms:play-services-basement:8.3.0:21:9
MERGED from com.google.android.gms:play-services-basement:8.3.0:21:9
MERGED from com.google.android.gms:play-services-basement:8.3.0:21:9
MERGED from com.google.android.gms:play-services-basement:8.3.0:21:9
MERGED from com.google.android.gms:play-services-basement:8.3.0:21:9
MERGED from com.google.android.gms:play-services-basement:8.3.0:21:9
MERGED from com.google.android.gms:play-services-basement:8.3.0:21:9
MERGED from com.google.android.gms:play-services-basement:8.3.0:21:9
MERGED from com.google.android.gms:play-services-basement:8.3.0:21:9
MERGED from com.google.android.gms:play-services-basement:8.3.0:21:9
MERGED from com.google.android.gms:play-services-basement:8.3.0:21:9
MERGED from com.google.android.gms:play-services-basement:8.3.0:21:9
MERGED from com.google.android.gms:play-services-basement:8.3.0:21:9
MERGED from com.google.android.gms:play-services-basement:8.3.0:21:9
MERGED from com.google.android.gms:play-services-basement:8.3.0:21:9
MERGED from com.google.android.gms:play-services-basement:8.3.0:21:9
MERGED from com.google.android.gms:play-services-basement:8.3.0:21:9
MERGED from com.google.android.gms:play-services-basement:8.3.0:21:9
MERGED from com.google.android.gms:play-services-basement:8.3.0:21:9
MERGED from com.google.android.gms:play-services-basement:8.3.0:21:9
	android:name
		ADDED from com.awareframework:aware-core:3.8.4:58:13
	android:value
		ADDED from com.awareframework:aware-core:3.8.4:59:13
meta-data#com.google.android.gms.vision.DEPENDENCIES
ADDED from com.awareframework:aware-core:3.8.4:60:9
	android:name
		ADDED from com.awareframework:aware-core:3.8.4:61:13
	android:value
		ADDED from com.awareframework:aware-core:3.8.4:62:13
activity#com.aware.Aware_Preferences
ADDED from com.awareframework:aware-core:3.8.4:63:9
	android:label
		ADDED from com.awareframework:aware-core:3.8.4:69:13
	android:icon
		ADDED from com.awareframework:aware-core:3.8.4:68:13
	android:configChanges
		ADDED from com.awareframework:aware-core:3.8.4:65:13
	android:theme
		ADDED from com.awareframework:aware-core:3.8.4:71:13
	android:exported
		ADDED from com.awareframework:aware-core:3.8.4:67:13
	android:enabled
		ADDED from com.awareframework:aware-core:3.8.4:66:13
	android:name
		ADDED from com.awareframework:aware-core:3.8.4:64:13
	android:launchMode
		ADDED from com.awareframework:aware-core:3.8.4:70:13
intent-filter#android.intent.action.MAIN+android.intent.category.LAUNCHER
ADDED from com.awareframework:aware-core:3.8.4:72:13
action#android.intent.action.MAIN
ADDED from com.awareframework:aware-core:3.8.4:73:17
	android:name
		ADDED from com.awareframework:aware-core:3.8.4:73:25
category#android.intent.category.LAUNCHER
ADDED from com.awareframework:aware-core:3.8.4:75:17
	android:name
		ADDED from com.awareframework:aware-core:3.8.4:75:27
activity#com.aware.ui.Stream_UI
ADDED from com.awareframework:aware-core:3.8.4:78:9
	android:noHistory
		ADDED from com.awareframework:aware-core:3.8.4:86:13
	android:label
		ADDED from com.awareframework:aware-core:3.8.4:84:13
	android:icon
		ADDED from com.awareframework:aware-core:3.8.4:83:13
	android:configChanges
		ADDED from com.awareframework:aware-core:3.8.4:80:13
	android:theme
		ADDED from com.awareframework:aware-core:3.8.4:88:13
	android:exported
		ADDED from com.awareframework:aware-core:3.8.4:82:13
	android:enabled
		ADDED from com.awareframework:aware-core:3.8.4:81:13
	android:parentActivityName
		ADDED from com.awareframework:aware-core:3.8.4:87:13
	android:name
		ADDED from com.awareframework:aware-core:3.8.4:79:13
	android:launchMode
		ADDED from com.awareframework:aware-core:3.8.4:85:13
intent-filter#android.intent.action.ASSIST+android.intent.category.DEFAULT+android.intent.category.LAUNCHER
ADDED from com.awareframework:aware-core:3.8.4:89:13
action#android.intent.action.ASSIST
ADDED from com.awareframework:aware-core:3.8.4:90:17
	android:name
		ADDED from com.awareframework:aware-core:3.8.4:90:25
category#android.intent.category.DEFAULT
ADDED from com.awareframework:aware-core:3.8.4:92:17
	android:name
		ADDED from com.awareframework:aware-core:3.8.4:92:27
meta-data#com.android.systemui.action_assist_icon
ADDED from com.awareframework:aware-core:3.8.4:96:13
	android:resource
		ADDED from com.awareframework:aware-core:3.8.4:98:17
	android:name
		ADDED from com.awareframework:aware-core:3.8.4:97:17
meta-data#android.support.PARENT_ACTIVITY
ADDED from com.awareframework:aware-core:3.8.4:99:13
	android:name
		ADDED from com.awareframework:aware-core:3.8.4:100:17
	android:value
		ADDED from com.awareframework:aware-core:3.8.4:101:17
activity#com.aware.ui.Aware_QRCode
ADDED from com.awareframework:aware-core:3.8.4:103:9
	android:label
		ADDED from com.awareframework:aware-core:3.8.4:107:13
	android:configChanges
		ADDED from com.awareframework:aware-core:3.8.4:105:13
	android:theme
		ADDED from com.awareframework:aware-core:3.8.4:110:13
	android:enabled
		ADDED from com.awareframework:aware-core:3.8.4:106:13
	android:parentActivityName
		ADDED from com.awareframework:aware-core:3.8.4:109:13
	android:name
		ADDED from com.awareframework:aware-core:3.8.4:104:13
	android:launchMode
		ADDED from com.awareframework:aware-core:3.8.4:108:13
activity#com.aware.ui.Plugins_Manager
ADDED from com.awareframework:aware-core:3.8.4:115:9
	android:label
		ADDED from com.awareframework:aware-core:3.8.4:120:13
	android:icon
		ADDED from com.awareframework:aware-core:3.8.4:119:13
	android:configChanges
		ADDED from com.awareframework:aware-core:3.8.4:117:13
	android:theme
		ADDED from com.awareframework:aware-core:3.8.4:123:13
	android:exported
		ADDED from com.awareframework:aware-core:3.8.4:118:13
	android:parentActivityName
		ADDED from com.awareframework:aware-core:3.8.4:122:13
	android:name
		ADDED from com.awareframework:aware-core:3.8.4:116:13
	android:launchMode
		ADDED from com.awareframework:aware-core:3.8.4:121:13
activity#com.aware.ui.About
ADDED from com.awareframework:aware-core:3.8.4:128:9
	android:label
		ADDED from com.awareframework:aware-core:3.8.4:133:13
	android:configChanges
		ADDED from com.awareframework:aware-core:3.8.4:130:13
	android:theme
		ADDED from com.awareframework:aware-core:3.8.4:136:13
	android:exported
		ADDED from com.awareframework:aware-core:3.8.4:132:13
	android:enabled
		ADDED from com.awareframework:aware-core:3.8.4:131:13
	android:parentActivityName
		ADDED from com.awareframework:aware-core:3.8.4:135:13
	android:name
		ADDED from com.awareframework:aware-core:3.8.4:129:13
	android:launchMode
		ADDED from com.awareframework:aware-core:3.8.4:134:13
activity#com.aware.ui.ESM_Queue
ADDED from com.awareframework:aware-core:3.8.4:141:9
	android:noHistory
		ADDED from com.awareframework:aware-core:3.8.4:147:13
	android:configChanges
		ADDED from com.awareframework:aware-core:3.8.4:143:13
	android:theme
		ADDED from com.awareframework:aware-core:3.8.4:148:13
	android:exported
		ADDED from com.awareframework:aware-core:3.8.4:145:13
	android:excludeFromRecents
		ADDED from com.awareframework:aware-core:3.8.4:144:13
	android:name
		ADDED from com.awareframework:aware-core:3.8.4:142:13
	android:launchMode
		ADDED from com.awareframework:aware-core:3.8.4:146:13
activity#com.aware.ui.PermissionsHandler
ADDED from com.awareframework:aware-core:3.8.4:149:9
	android:noHistory
		ADDED from com.awareframework:aware-core:3.8.4:155:13
	android:configChanges
		ADDED from com.awareframework:aware-core:3.8.4:151:13
	android:theme
		ADDED from com.awareframework:aware-core:3.8.4:156:13
	android:exported
		ADDED from com.awareframework:aware-core:3.8.4:153:13
	android:excludeFromRecents
		ADDED from com.awareframework:aware-core:3.8.4:152:13
	android:name
		ADDED from com.awareframework:aware-core:3.8.4:150:13
	android:launchMode
		ADDED from com.awareframework:aware-core:3.8.4:154:13
service#com.aware.Keyboard
ADDED from com.awareframework:aware-core:3.8.4:157:9